<?xml version="1.0" encoding="UTF-8"?>
<!-- Generated by org.testng.reporters.JUnitReportReporter -->
<testsuite hostname="LTIN179252" failures="0" tests="3" name="com.Practo.TestRunner.TestNGRunner" time="55.354" errors="0" timestamp="2024-02-29T15:51:28 IST" skipped="0">
  <testcase classname="com.Practo.TestRunner.TestNGRunner" name="runScenario" time="32.578"/>
  <system-out/>
  <testcase classname="com.Practo.TestRunner.TestNGRunner" name="runScenario" time="15.825"/>
  <system-out/>
  <testcase classname="com.Practo.TestRunner.TestNGRunner" name="runScenario" time="6.951"/>
  <system-out/>
</testsuite> <!-- com.Practo.TestRunner.TestNGRunner -->
