<?xml version="1.0" encoding="UTF-8"?>
<!-- Generated by org.testng.reporters.JUnitReportReporter -->
<testsuite hostname="LTIN179252" failures="0" tests="3" name="testRunner.TestNGRunner" time="54.733" errors="0" timestamp="2024-02-29T16:07:40 IST" skipped="0">
  <testcase classname="testRunner.TestNGRunner" name="runScenario" time="31.744"/>
  <system-out/>
  <testcase classname="testRunner.TestNGRunner" name="runScenario" time="15.832"/>
  <system-out/>
  <testcase classname="testRunner.TestNGRunner" name="runScenario" time="7.157"/>
  <system-out/>
</testsuite> <!-- testRunner.TestNGRunner -->
